  Source.c
C:\Users\Courtney\source\repos\ThesisProject\DataCapture\LeapTracking2\Source.h(32,73): error C2143: syntax error: missing ')' before '*'
C:\Users\Courtney\source\repos\ThesisProject\DataCapture\LeapTracking2\Source.h(32,73): error C2143: syntax error: missing '{' before '*'
C:\Users\Courtney\source\repos\ThesisProject\DataCapture\LeapTracking2\Source.h(32,95): error C2059: syntax error: ')'
C:\Users\Courtney\source\repos\ThesisProject\DataCapture\LeapTracking2\Source.h(33,84): error C2143: syntax error: missing ')' before '*'
C:\Users\Courtney\source\repos\ThesisProject\DataCapture\LeapTracking2\Source.h(33,84): error C2143: syntax error: missing '{' before '*'
C:\Users\Courtney\source\repos\ThesisProject\DataCapture\LeapTracking2\Source.h(33,103): error C2059: syntax error: ')'
C:\Users\Courtney\source\repos\ThesisProject\DataCapture\LeapTracking2\Source.h(48,5): error C2061: syntax error: identifier 'image_callback'
C:\Users\Courtney\source\repos\ThesisProject\DataCapture\LeapTracking2\Source.h(49,30): error C2061: syntax error: identifier 'on_image_request_error'
C:\Users\Courtney\source\repos\ThesisProject\DataCapture\LeapTracking2\Source.h(49,30): error C2059: syntax error: ';'
C:\Users\Courtney\source\repos\ThesisProject\DataCapture\LeapTracking2\Source.h(53,1): error C2059: syntax error: '}'
C:\Users\Courtney\source\repos\ThesisProject\DataCapture\LeapTracking2\Source.c(46,18): error C2079: 'ConnectionCallbacks' uses undefined struct 'Callbacks'
C:\Users\Courtney\source\repos\ThesisProject\DataCapture\LeapTracking2\Source.c(46,18): error C2371: 'ConnectionCallbacks': redefinition; different basic types
C:\Users\Courtney\source\repos\ThesisProject\DataCapture\LeapTracking2\Source.h(54,25): message : see declaration of 'ConnectionCallbacks'
C:\Users\Courtney\source\repos\ThesisProject\DataCapture\LeapTracking2\Source.c(91,9): error C2037: left of 'on_connection' specifies undefined struct/union 'Callbacks'
C:\Users\Courtney\source\repos\ThesisProject\DataCapture\LeapTracking2\Source.c(92,9): error C2037: left of 'on_connection' specifies undefined struct/union 'Callbacks'
C:\Users\Courtney\source\repos\ThesisProject\DataCapture\LeapTracking2\Source.c(99,9): error C2037: left of 'on_connection_lost' specifies undefined struct/union 'Callbacks'
C:\Users\Courtney\source\repos\ThesisProject\DataCapture\LeapTracking2\Source.c(100,9): error C2037: left of 'on_connection_lost' specifies undefined struct/union 'Callbacks'
C:\Users\Courtney\source\repos\ThesisProject\DataCapture\LeapTracking2\Source.c(138,9): error C2037: left of 'on_device_found' specifies undefined struct/union 'Callbacks'
C:\Users\Courtney\source\repos\ThesisProject\DataCapture\LeapTracking2\Source.c(139,9): error C2037: left of 'on_device_found' specifies undefined struct/union 'Callbacks'
C:\Users\Courtney\source\repos\ThesisProject\DataCapture\LeapTracking2\Source.c(148,9): error C2037: left of 'on_device_lost' specifies undefined struct/union 'Callbacks'
C:\Users\Courtney\source\repos\ThesisProject\DataCapture\LeapTracking2\Source.c(149,9): error C2037: left of 'on_device_lost' specifies undefined struct/union 'Callbacks'
C:\Users\Courtney\source\repos\ThesisProject\DataCapture\LeapTracking2\Source.c(155,9): error C2037: left of 'on_device_failure' specifies undefined struct/union 'Callbacks'
C:\Users\Courtney\source\repos\ThesisProject\DataCapture\LeapTracking2\Source.c(156,9): error C2037: left of 'on_device_failure' specifies undefined struct/union 'Callbacks'
C:\Users\Courtney\source\repos\ThesisProject\DataCapture\LeapTracking2\Source.c(163,9): error C2037: left of 'on_frame' specifies undefined struct/union 'Callbacks'
C:\Users\Courtney\source\repos\ThesisProject\DataCapture\LeapTracking2\Source.c(164,9): error C2037: left of 'on_frame' specifies undefined struct/union 'Callbacks'
C:\Users\Courtney\source\repos\ThesisProject\DataCapture\LeapTracking2\Source.c(169,62): error C2143: syntax error: missing ')' before '*'
C:\Users\Courtney\source\repos\ThesisProject\DataCapture\LeapTracking2\Source.c(169,62): error C2143: syntax error: missing '{' before '*'
C:\Users\Courtney\source\repos\ThesisProject\DataCapture\LeapTracking2\Source.c(169,84): error C2059: syntax error: ')'
C:\Users\Courtney\source\repos\ThesisProject\DataCapture\LeapTracking2\Source.c(169,86): error C2054: expected '(' to follow 'image_complete_event'
C:\Users\Courtney\source\repos\ThesisProject\DataCapture\LeapTracking2\Source.c(176,77): error C2143: syntax error: missing ')' before '*'
C:\Users\Courtney\source\repos\ThesisProject\DataCapture\LeapTracking2\Source.c(176,77): error C2143: syntax error: missing '{' before '*'
C:\Users\Courtney\source\repos\ThesisProject\DataCapture\LeapTracking2\Source.c(176,104): error C2059: syntax error: ')'
C:\Users\Courtney\source\repos\ThesisProject\DataCapture\LeapTracking2\Source.c(176,106): error C2054: expected '(' to follow 'image_request_error_event'
C:\Users\Courtney\source\repos\ThesisProject\DataCapture\LeapTracking2\Source.c(184,9): error C2037: left of 'on_log_message' specifies undefined struct/union 'Callbacks'
C:\Users\Courtney\source\repos\ThesisProject\DataCapture\LeapTracking2\Source.c(185,9): error C2037: left of 'on_log_message' specifies undefined struct/union 'Callbacks'
C:\Users\Courtney\source\repos\ThesisProject\DataCapture\LeapTracking2\Source.c(185,55): error C2039: 'Severity': is not a member of '_LEAP_LOG_EVENT'
C:\Program Files\Ultraleap\LeapSDK\include\LeapC.h(1660,16): message : see declaration of '_LEAP_LOG_EVENT'
C:\Users\Courtney\source\repos\ThesisProject\DataCapture\LeapTracking2\Source.c(185,76): error C2039: 'Timestamp': is not a member of '_LEAP_LOG_EVENT'
C:\Program Files\Ultraleap\LeapSDK\include\LeapC.h(1660,16): message : see declaration of '_LEAP_LOG_EVENT'
C:\Users\Courtney\source\repos\ThesisProject\DataCapture\LeapTracking2\Source.c(185,98): error C2039: 'Message': is not a member of '_LEAP_LOG_EVENT'
C:\Program Files\Ultraleap\LeapSDK\include\LeapC.h(1660,16): message : see declaration of '_LEAP_LOG_EVENT'
C:\Users\Courtney\source\repos\ThesisProject\DataCapture\LeapTracking2\Source.c(191,9): error C2037: left of 'on_policy' specifies undefined struct/union 'Callbacks'
C:\Users\Courtney\source\repos\ThesisProject\DataCapture\LeapTracking2\Source.c(192,9): error C2037: left of 'on_policy' specifies undefined struct/union 'Callbacks'
C:\Users\Courtney\source\repos\ThesisProject\DataCapture\LeapTracking2\Source.c(198,9): error C2037: left of 'on_config_change' specifies undefined struct/union 'Callbacks'
C:\Users\Courtney\source\repos\ThesisProject\DataCapture\LeapTracking2\Source.c(199,9): error C2037: left of 'on_config_change' specifies undefined struct/union 'Callbacks'
C:\Users\Courtney\source\repos\ThesisProject\DataCapture\LeapTracking2\Source.c(205,9): error C2037: left of 'on_config_response' specifies undefined struct/union 'Callbacks'
C:\Users\Courtney\source\repos\ThesisProject\DataCapture\LeapTracking2\Source.c(206,9): error C2037: left of 'on_config_response' specifies undefined struct/union 'Callbacks'
C:\Users\Courtney\source\repos\ThesisProject\DataCapture\LeapTracking2\Source.c(250,13): warning C4013: 'handleImageCompleteEvent' undefined; assuming extern returning int
C:\Users\Courtney\source\repos\ThesisProject\DataCapture\LeapTracking2\Source.c(250,42): error C2039: 'image_complete_event': is not a member of '_LEAP_CONNECTION_MESSAGE'
C:\Program Files\Ultraleap\LeapSDK\include\LeapC.h(2087,16): message : see declaration of '_LEAP_CONNECTION_MESSAGE'
C:\Users\Courtney\source\repos\ThesisProject\DataCapture\LeapTracking2\Source.c(253,13): warning C4013: 'handleImageRequestErrorEvent' undefined; assuming extern returning int
C:\Users\Courtney\source\repos\ThesisProject\DataCapture\LeapTracking2\Source.c(253,46): error C2039: 'image_request_error_event': is not a member of '_LEAP_CONNECTION_MESSAGE'
C:\Program Files\Ultraleap\LeapSDK\include\LeapC.h(2087,16): message : see declaration of '_LEAP_CONNECTION_MESSAGE'
